{"/Users/ingridacero/Documents/DevProjects/GitHub/moneyhubInterview/admin/src/modules/investments.module.ts": {"path":"/Users/ingridacero/Documents/DevProjects/GitHub/moneyhubInterview/admin/src/modules/investments.module.ts","statementMap":{"0":{"start":{"line":1,"column":0},"end":{"line":1,"column":79}},"1":{"start":{"line":3,"column":38},"end":{"line":33,"column":null}},"2":{"start":{"line":3,"column":91},"end":{"line":33,"column":null}},"3":{"start":{"line":4,"column":2},"end":{"line":32,"column":null}},"4":{"start":{"line":5,"column":20},"end":{"line":19,"column":null}},"5":{"start":{"line":6,"column":55},"end":{"line":19,"column":8}},"6":{"start":{"line":7,"column":24},"end":{"line":7,"column":80}},"7":{"start":{"line":8,"column":28},"end":{"line":8,"column":71}},"8":{"start":{"line":9,"column":22},"end":{"line":9,"column":102}},"9":{"start":{"line":11,"column":8},"end":{"line":18,"column":null}},"10":{"start":{"line":23,"column":4},"end":{"line":23,"column":null}},"11":{"start":{"line":23,"column":42},"end":{"line":23,"column":103}},"12":{"start":{"line":23,"column":83},"end":{"line":23,"column":101}},"13":{"start":{"line":26,"column":20},"end":{"line":26,"column":99}},"14":{"start":{"line":26,"column":40},"end":{"line":26,"column":98}},"15":{"start":{"line":26,"column":69},"end":{"line":26,"column":87}},"16":{"start":{"line":27,"column":19},"end":{"line":27,"column":52}},"17":{"start":{"line":28,"column":4},"end":{"line":28,"column":null}},"18":{"start":{"line":30,"column":4},"end":{"line":30,"column":null}},"19":{"start":{"line":31,"column":4},"end":{"line":31,"column":16}},"20":{"start":{"line":3,"column":13},"end":{"line":3,"column":38}}},"fnMap":{"0":{"name":"(anonymous_7)","decl":{"start":{"line":3,"column":38},"end":{"line":3,"column":45}},"loc":{"start":{"line":3,"column":91},"end":{"line":33,"column":null}}},"1":{"name":"(anonymous_8)","decl":{"start":{"line":3,"column":91},"end":{"line":3,"column":null}},"loc":{"start":{"line":3,"column":91},"end":{"line":33,"column":1}}},"2":{"name":"(anonymous_9)","decl":{"start":{"line":6,"column":22},"end":{"line":6,"column":29}},"loc":{"start":{"line":6,"column":55},"end":{"line":19,"column":8}}},"3":{"name":"(anonymous_10)","decl":{"start":{"line":6,"column":55},"end":{"line":6,"column":null}},"loc":{"start":{"line":6,"column":55},"end":{"line":19,"column":7}}},"4":{"name":"(anonymous_11)","decl":{"start":{"line":23,"column":34},"end":{"line":23,"column":38}},"loc":{"start":{"line":23,"column":42},"end":{"line":23,"column":103}}},"5":{"name":"(anonymous_12)","decl":{"start":{"line":23,"column":76},"end":{"line":23,"column":79}},"loc":{"start":{"line":23,"column":83},"end":{"line":23,"column":101}}},"6":{"name":"(anonymous_13)","decl":{"start":{"line":26,"column":32},"end":{"line":26,"column":36}},"loc":{"start":{"line":26,"column":40},"end":{"line":26,"column":98}}},"7":{"name":"(anonymous_14)","decl":{"start":{"line":26,"column":62},"end":{"line":26,"column":65}},"loc":{"start":{"line":26,"column":69},"end":{"line":26,"column":87}}}},"branchMap":{"0":{"loc":{"start":{"line":8,"column":28},"end":{"line":8,"column":71}},"type":"cond-expr","locations":[{"start":{"line":8,"column":39},"end":{"line":8,"column":63}},{"start":{"line":8,"column":66},"end":{"line":8,"column":71}}]}},"s":{"0":1,"1":1,"2":3,"3":3,"4":3,"5":3,"6":3,"7":2,"8":2,"9":2,"10":2,"11":2,"12":12,"13":2,"14":2,"15":12,"16":2,"17":2,"18":1,"19":1,"20":1},"f":{"0":3,"1":3,"2":3,"3":3,"4":2,"5":12,"6":2,"7":12},"b":{"0":[1,1]}}
}
