TN:
SF:src/modules/investments.module.ts
FN:3,(anonymous_7)
FN:3,(anonymous_8)
FN:6,(anonymous_9)
FN:6,(anonymous_10)
FN:23,(anonymous_11)
FN:23,(anonymous_12)
FN:26,(anonymous_13)
FN:26,(anonymous_14)
FNF:8
FNH:8
FNDA:3,(anonymous_7)
FNDA:3,(anonymous_8)
FNDA:3,(anonymous_9)
FNDA:3,(anonymous_10)
FNDA:2,(anonymous_11)
FNDA:12,(anonymous_12)
FNDA:2,(anonymous_13)
FNDA:12,(anonymous_14)
DA:1,1
DA:3,3
DA:4,3
DA:5,3
DA:6,3
DA:7,3
DA:8,2
DA:9,2
DA:11,2
DA:23,12
DA:26,12
DA:27,2
DA:28,2
DA:30,1
DA:31,1
LF:15
LH:15
BRDA:8,0,0,1
BRDA:8,0,1,1
BRF:2
BRH:2
end_of_record
